  正在验证源
  正在将源远程复制到“47.115.211.238”
  正在验证体系结构
  正在验证体系结构
  正在启动远程生成
  正在编译源:
  Log.cpp
D:\Git\CloudShareCode\Server\CloudSharedCoding\Log.h(105,21): warning : ‘Log::LogEvent::m_ss’ will be initialized after [-Wreorder]
D:\Git\CloudShareCode\Server\CloudSharedCoding\Log.h(99,21): warning : ‘std::string Log::LogEvent::m_fileName’ [-Wreorder]
D:\Git\CloudShareCode\Server\CloudSharedCoding\Log.h(78,9): warning : when initialized here [-Wreorder]
D:\Git\CloudShareCode\Server\CloudSharedCoding\Log.h(78,9): warning :    78 |         LogEvent(
D:\Git\CloudShareCode\Server\CloudSharedCoding\Log.h(78,9): warning :       |         ^~~~~~~~
D:\Git\CloudShareCode\Server\CloudSharedCoding\Log.h(104,17): warning : ‘Log::LogEvent::m_line’ will be initialized after [-Wreorder]
D:\Git\CloudShareCode\Server\CloudSharedCoding\Log.h(104,17): warning :   104 |         int32_t m_line;
D:\Git\CloudShareCode\Server\CloudSharedCoding\Log.h(104,17): warning :       |                 ^~~~~~
D:\Git\CloudShareCode\Server\CloudSharedCoding\Log.h(100,18): warning : ‘uint32_t Log::LogEvent::m_threadId’ [-Wreorder]
D:\Git\CloudShareCode\Server\CloudSharedCoding\Log.h(100,18): warning :   100 |         uint32_t m_threadId;
D:\Git\CloudShareCode\Server\CloudSharedCoding\Log.h(100,18): warning :       |                  ^~~~~~~~~~
D:\Git\CloudShareCode\Server\CloudSharedCoding\Log.h(78,9): warning : when initialized here [-Wreorder]
D:\Git\CloudShareCode\Server\CloudSharedCoding\Log.h(78,9): warning :    78 |         LogEvent(
D:\Git\CloudShareCode\Server\CloudSharedCoding\Log.h(78,9): warning :       |         ^~~~~~~~
D:\Git\CloudShareCode\Server\CloudSharedCoding\Log.h(93,37): warning : conversion from ‘int64_t’ {aka ‘long int’} to ‘uint32_t’ {aka ‘unsigned int’} may change value [-Wconversion]
D:\Git\CloudShareCode\Server\CloudSharedCoding\Log.h(93,37): warning :    93 |         uint32_t getTime() { return m_time; };
D:\Git\CloudShareCode\Server\CloudSharedCoding\Log.h(93,37): warning :       |                                     ^~~~~~
D:\Git\CloudShareCode\Server\CloudSharedCoding\Log.cpp(42,30): warning : conversion from ‘std::__cxx11::basic_string<char>::size_type’ {aka ‘long unsigned int’} to ‘int’ may change value [-Wconversion]
D:\Git\CloudShareCode\Server\CloudSharedCoding\Log.cpp(42,30): warning :    42 |     int size = m_pattern.size();
D:\Git\CloudShareCode\Server\CloudSharedCoding\Log.cpp(42,30): warning :       |                ~~~~~~~~~~~~~~^~
  Package.cpp
D:\Git\CloudShareCode\Server\CloudSharedCoding\Log.h(105,21): warning : ‘Log::LogEvent::m_ss’ will be initialized after [-Wreorder]
D:\Git\CloudShareCode\Server\CloudSharedCoding\Log.h(99,21): warning : ‘std::string Log::LogEvent::m_fileName’ [-Wreorder]
D:\Git\CloudShareCode\Server\CloudSharedCoding\Log.h(78,9): warning : when initialized here [-Wreorder]
D:\Git\CloudShareCode\Server\CloudSharedCoding\Log.h(78,9): warning :    78 |         LogEvent(
D:\Git\CloudShareCode\Server\CloudSharedCoding\Log.h(78,9): warning :       |         ^~~~~~~~
D:\Git\CloudShareCode\Server\CloudSharedCoding\Log.h(104,17): warning : ‘Log::LogEvent::m_line’ will be initialized after [-Wreorder]
D:\Git\CloudShareCode\Server\CloudSharedCoding\Log.h(104,17): warning :   104 |         int32_t m_line;
D:\Git\CloudShareCode\Server\CloudSharedCoding\Log.h(104,17): warning :       |                 ^~~~~~
D:\Git\CloudShareCode\Server\CloudSharedCoding\Log.h(100,18): warning : ‘uint32_t Log::LogEvent::m_threadId’ [-Wreorder]
D:\Git\CloudShareCode\Server\CloudSharedCoding\Log.h(100,18): warning :   100 |         uint32_t m_threadId;
D:\Git\CloudShareCode\Server\CloudSharedCoding\Log.h(100,18): warning :       |                  ^~~~~~~~~~
D:\Git\CloudShareCode\Server\CloudSharedCoding\Log.h(78,9): warning : when initialized here [-Wreorder]
D:\Git\CloudShareCode\Server\CloudSharedCoding\Log.h(78,9): warning :    78 |         LogEvent(
D:\Git\CloudShareCode\Server\CloudSharedCoding\Log.h(78,9): warning :       |         ^~~~~~~~
D:\Git\CloudShareCode\Server\CloudSharedCoding\Log.h(93,37): warning : conversion from ‘int64_t’ {aka ‘long int’} to ‘uint32_t’ {aka ‘unsigned int’} may change value [-Wconversion]
D:\Git\CloudShareCode\Server\CloudSharedCoding\Log.h(93,37): warning :    93 |         uint32_t getTime() { return m_time; };
D:\Git\CloudShareCode\Server\CloudSharedCoding\Log.h(93,37): warning :       |                                     ^~~~~~
D:\Git\CloudShareCode\Server\CloudSharedCoding\Log.h(20,86): warning : conversion from ‘long long unsigned int’ to ‘uint32_t’ {aka ‘unsigned int’} may change value [-Wconversion]
D:\Git\CloudShareCode\Server\CloudSharedCoding\Tool.h(17,9): message : in expansion of macro ‘ERROR_LOG’
D:\Git\CloudShareCode\Server\CloudSharedCoding\Tool.h(17,9): message :    17 |         ERROR_LOG(logger, str);
D:\Git\CloudShareCode\Server\CloudSharedCoding\Tool.h(17,9): message :       |         ^~~~~~~~~
D:\Git\CloudShareCode\Server\CloudSharedCoding\Log.h(25,86): warning : conversion from ‘long long unsigned int’ to ‘uint32_t’ {aka ‘unsigned int’} may change value [-Wconversion]
D:\Git\CloudShareCode\Server\CloudSharedCoding\Tool.h(25,9): message : in expansion of macro ‘DEBUG_LOG’
D:\Git\CloudShareCode\Server\CloudSharedCoding\Tool.h(25,9): message :    25 |         DEBUG_LOG(logger, str);
D:\Git\CloudShareCode\Server\CloudSharedCoding\Tool.h(25,9): message :       |         ^~~~~~~~~
D:\Git\CloudShareCode\Server\CloudSharedCoding\Log.h(35,86): warning : conversion from ‘long long unsigned int’ to ‘uint32_t’ {aka ‘unsigned int’} may change value [-Wconversion]
D:\Git\CloudShareCode\Server\CloudSharedCoding\Tool.h(33,9): message : in expansion of macro ‘INFO_LOG’
D:\Git\CloudShareCode\Server\CloudSharedCoding\Tool.h(33,9): message :    33 |         INFO_LOG(logger, str);
D:\Git\CloudShareCode\Server\CloudSharedCoding\Tool.h(33,9): message :       |         ^~~~~~~~
D:\Git\CloudShareCode\Server\CloudSharedCoding\Log.h(15,86): warning : conversion from ‘long long unsigned int’ to ‘uint32_t’ {aka ‘unsigned int’} may change value [-Wconversion]
D:\Git\CloudShareCode\Server\CloudSharedCoding\Tool.h(41,9): message : in expansion of macro ‘WARN_LOG’
D:\Git\CloudShareCode\Server\CloudSharedCoding\Tool.h(41,9): message :    41 |         WARN_LOG(logger, str);
D:\Git\CloudShareCode\Server\CloudSharedCoding\Tool.h(41,9): message :       |         ^~~~~~~~
D:\Git\CloudShareCode\Server\CloudSharedCoding\Log.h(30,86): warning : conversion from ‘long long unsigned int’ to ‘uint32_t’ {aka ‘unsigned int’} may change value [-Wconversion]
D:\Git\CloudShareCode\Server\CloudSharedCoding\Tool.h(49,9): message : in expansion of macro ‘FATAL_LOG’
D:\Git\CloudShareCode\Server\CloudSharedCoding\Tool.h(49,9): message :    49 |         FATAL_LOG(logger, str);
D:\Git\CloudShareCode\Server\CloudSharedCoding\Tool.h(49,9): message :       |         ^~~~~~~~~
D:\Git\CloudShareCode\Server\CloudSharedCoding\Log.h(20,86): warning : conversion from ‘long long unsigned int’ to ‘uint32_t’ {aka ‘unsigned int’} may change value [-Wconversion]
D:\Git\CloudShareCode\Server\CloudSharedCoding\Tool.h(57,9): message : in expansion of macro ‘ERROR_LOG’
D:\Git\CloudShareCode\Server\CloudSharedCoding\Tool.h(57,9): message :    57 |         ERROR_LOG(ToolLog, "An array of length >=4 is required");
D:\Git\CloudShareCode\Server\CloudSharedCoding\Tool.h(57,9): message :       |         ^~~~~~~~~
D:\Git\CloudShareCode\Server\CloudSharedCoding\Log.h(20,86): warning : conversion from ‘long long unsigned int’ to ‘uint32_t’ {aka ‘unsigned int’} may change value [-Wconversion]
D:\Git\CloudShareCode\Server\CloudSharedCoding\Tool.h(62,9): message : in expansion of macro ‘ERROR_LOG’
D:\Git\CloudShareCode\Server\CloudSharedCoding\Tool.h(62,9): message :    62 |         ERROR_LOG(ToolLog, "Access overflow");
D:\Git\CloudShareCode\Server\CloudSharedCoding\Tool.h(62,9): message :       |         ^~~~~~~~~
D:\Git\CloudShareCode\Server\CloudSharedCoding\Log.h(20,86): warning : conversion from ‘long long unsigned int’ to ‘uint32_t’ {aka ‘unsigned int’} may change value [-Wconversion]
D:\Git\CloudShareCode\Server\CloudSharedCoding\Tool.h(75,9): message : in expansion of macro ‘ERROR_LOG’
D:\Git\CloudShareCode\Server\CloudSharedCoding\Tool.h(75,9): message :    75 |         ERROR_LOG(ToolLog, "Array access could out of bounds");
D:\Git\CloudShareCode\Server\CloudSharedCoding\Tool.h(75,9): message :       |         ^~~~~~~~~
D:\Git\CloudShareCode\Server\CloudSharedCoding\Tool.h(87,25): warning : conversion from ‘std::__cxx11::basic_string<char>::size_type’ {aka ‘long unsigned int’} to ‘int’ may change value [-Wconversion]
D:\Git\CloudShareCode\Server\CloudSharedCoding\Tool.h(87,25): warning :    87 |     int index = str.find(split, 0);
D:\Git\CloudShareCode\Server\CloudSharedCoding\Tool.h(87,25): warning :       |                 ~~~~~~~~^~~~~~~~~~
D:\Git\CloudShareCode\Server\CloudSharedCoding\Tool.h(88,15): warning : comparison of integer expressions of different signedness: ‘int’ and ‘const size_type’ {aka ‘const long unsigned int’} [-Wsign-compare]
D:\Git\CloudShareCode\Server\CloudSharedCoding\Tool.h(95,18): warning : comparison of integer expressions of different signedness: ‘int’ and ‘const size_type’ {aka ‘const long unsigned int’} [-Wsign-compare]
D:\Git\CloudShareCode\Server\CloudSharedCoding\Tool.h(100,25): warning : conversion from ‘std::__cxx11::basic_string<char>::size_type’ {aka ‘long unsigned int’} to ‘int’ may change value [-Wconversion]
D:\Git\CloudShareCode\Server\CloudSharedCoding\Tool.h(100,25): warning :   100 |         index = str.find(split, index + 1);
D:\Git\CloudShareCode\Server\CloudSharedCoding\Tool.h(100,25): warning :       |                 ~~~~~~~~^~~~~~~~~~~~~~~~~~
D:\Git\CloudShareCode\Server\CloudSharedCoding\Tool.h(111,10): warning : unused variable ‘filepath’ [-Wunused-variable]
D:\Git\CloudShareCode\Server\CloudSharedCoding\Tool.h(111,10): warning :   111 |     char filepath[256] = { 0 };
D:\Git\CloudShareCode\Server\CloudSharedCoding\Tool.h(111,10): warning :       |          ^~~~~~~~
D:\Git\CloudShareCode\Server\CloudSharedCoding\Tool.h(186,24): warning : conversion from ‘__off_t’ {aka ‘long int’} to ‘int’ may change value [-Wconversion]
D:\Git\CloudShareCode\Server\CloudSharedCoding\Tool.h(186,24): warning :   186 |     int length = stbuf.st_size;
D:\Git\CloudShareCode\Server\CloudSharedCoding\Tool.h(186,24): warning :       |                  ~~~~~~^~~~~~~
D:\Git\CloudShareCode\Server\CloudSharedCoding\Tool.h(207,27): warning : comparison of integer expressions of different signedness: ‘int’ and ‘std::__cxx11::basic_string<char>::size_type’ {aka ‘long unsigned int’} [-Wsign-compare]
D:\Git\CloudShareCode\Server\CloudSharedCoding\Tool.h(207,27): warning :   207 |     if (pos + charRemoved < buf.length())
D:\Git\CloudShareCode\Server\CloudSharedCoding\Tool.h(207,27): warning :       |         ~~~~~~~~~~~~~~~~~~^~~~~~~~~~~~~~
D:\Git\CloudShareCode\Server\CloudSharedCoding\Tool.h(177,13): warning : ‘bool textChange(std::string, int, int, std::string)’ defined but not used [-Wunused-function]
D:\Git\CloudShareCode\Server\CloudSharedCoding\Tool.h(85,13): warning : ‘void stringSplit(std::string, std::string, std::vector<std::__cxx11::basic_string<char> >&, int)’ defined but not used [-Wunused-function]
D:\Git\CloudShareCode\Server\CloudSharedCoding\Tool.h(71,12): warning : ‘int bytesToInt(char*, int, int)’ defined but not used [-Wunused-function]
D:\Git\CloudShareCode\Server\CloudSharedCoding\Tool.h(71,12): warning :    71 | static int bytesToInt(char* bytes, int offset, int size)
D:\Git\CloudShareCode\Server\CloudSharedCoding\Tool.h(71,12): warning :       |            ^~~~~~~~~~
D:\Git\CloudShareCode\Server\CloudSharedCoding\Tool.h(45,13): warning : ‘void FATAL_CHECK(int, std::string, Log::Logger)’ defined but not used [-Wunused-function]
D:\Git\CloudShareCode\Server\CloudSharedCoding\Tool.h(37,13): warning : ‘void WARN_CHECK(int, std::string, Log::Logger)’ defined but not used [-Wunused-function]
D:\Git\CloudShareCode\Server\CloudSharedCoding\Tool.h(29,13): warning : ‘void INFO_CHECK(int, std::string, Log::Logger)’ defined but not used [-Wunused-function]
D:\Git\CloudShareCode\Server\CloudSharedCoding\Tool.h(21,13): warning : ‘void DEBUG_CHECK(int, std::string, Log::Logger)’ defined but not used [-Wunused-function]
D:\Git\CloudShareCode\Server\CloudSharedCoding\Tool.h(13,13): warning : ‘void ERROR_CHECK(int, std::string, Log::Logger)’ defined but not used [-Wunused-function]
  SqlTool.cpp
D:\Git\CloudShareCode\Server\CloudSharedCoding\Log.h(105,21): warning : ‘Log::LogEvent::m_ss’ will be initialized after [-Wreorder]
D:\Git\CloudShareCode\Server\CloudSharedCoding\Log.h(99,21): warning : ‘std::string Log::LogEvent::m_fileName’ [-Wreorder]
D:\Git\CloudShareCode\Server\CloudSharedCoding\Log.h(78,9): warning : when initialized here [-Wreorder]
D:\Git\CloudShareCode\Server\CloudSharedCoding\Log.h(78,9): warning :    78 |         LogEvent(
D:\Git\CloudShareCode\Server\CloudSharedCoding\Log.h(78,9): warning :       |         ^~~~~~~~
D:\Git\CloudShareCode\Server\CloudSharedCoding\Log.h(104,17): warning : ‘Log::LogEvent::m_line’ will be initialized after [-Wreorder]
D:\Git\CloudShareCode\Server\CloudSharedCoding\Log.h(104,17): warning :   104 |         int32_t m_line;
D:\Git\CloudShareCode\Server\CloudSharedCoding\Log.h(104,17): warning :       |                 ^~~~~~
D:\Git\CloudShareCode\Server\CloudSharedCoding\Log.h(100,18): warning : ‘uint32_t Log::LogEvent::m_threadId’ [-Wreorder]
D:\Git\CloudShareCode\Server\CloudSharedCoding\Log.h(100,18): warning :   100 |         uint32_t m_threadId;
D:\Git\CloudShareCode\Server\CloudSharedCoding\Log.h(100,18): warning :       |                  ^~~~~~~~~~
D:\Git\CloudShareCode\Server\CloudSharedCoding\Log.h(78,9): warning : when initialized here [-Wreorder]
D:\Git\CloudShareCode\Server\CloudSharedCoding\Log.h(78,9): warning :    78 |         LogEvent(
D:\Git\CloudShareCode\Server\CloudSharedCoding\Log.h(78,9): warning :       |         ^~~~~~~~
D:\Git\CloudShareCode\Server\CloudSharedCoding\Log.h(93,37): warning : conversion from ‘int64_t’ {aka ‘long int’} to ‘uint32_t’ {aka ‘unsigned int’} may change value [-Wconversion]
D:\Git\CloudShareCode\Server\CloudSharedCoding\Log.h(93,37): warning :    93 |         uint32_t getTime() { return m_time; };
D:\Git\CloudShareCode\Server\CloudSharedCoding\Log.h(93,37): warning :       |                                     ^~~~~~
D:\Git\CloudShareCode\Server\CloudSharedCoding\Log.h(30,86): warning : conversion from ‘long long unsigned int’ to ‘uint32_t’ {aka ‘unsigned int’} may change value [-Wconversion]
D:\Git\CloudShareCode\Server\CloudSharedCoding\SqlTool.cpp(9,9): message : in expansion of macro ‘FATAL_LOG’
D:\Git\CloudShareCode\Server\CloudSharedCoding\SqlTool.cpp(9,9): message :     9 |         FATAL_LOG(logger, "mysql init error");
D:\Git\CloudShareCode\Server\CloudSharedCoding\SqlTool.cpp(9,9): message :       |         ^~~~~~~~~
D:\Git\CloudShareCode\Server\CloudSharedCoding\Log.h(30,86): warning : conversion from ‘long long unsigned int’ to ‘uint32_t’ {aka ‘unsigned int’} may change value [-Wconversion]
D:\Git\CloudShareCode\Server\CloudSharedCoding\SqlTool.cpp(15,9): message : in expansion of macro ‘FATAL_LOG’
D:\Git\CloudShareCode\Server\CloudSharedCoding\SqlTool.cpp(15,9): message :    15 |         FATAL_LOG(logger, "mysql connect error");
D:\Git\CloudShareCode\Server\CloudSharedCoding\SqlTool.cpp(15,9): message :       |         ^~~~~~~~~
D:\Git\CloudShareCode\Server\CloudSharedCoding\Log.h(20,86): warning : conversion from ‘long long unsigned int’ to ‘uint32_t’ {aka ‘unsigned int’} may change value [-Wconversion]
D:\Git\CloudShareCode\Server\CloudSharedCoding\SqlTool.cpp(29,9): message : in expansion of macro ‘ERROR_LOG’
D:\Git\CloudShareCode\Server\CloudSharedCoding\SqlTool.cpp(29,9): message :    29 |         ERROR_LOG(logger, "mysql is NULL");
D:\Git\CloudShareCode\Server\CloudSharedCoding\SqlTool.cpp(29,9): message :       |         ^~~~~~~~~
D:\Git\CloudShareCode\Server\CloudSharedCoding\Log.h(20,86): warning : conversion from ‘long long unsigned int’ to ‘uint32_t’ {aka ‘unsigned int’} may change value [-Wconversion]
D:\Git\CloudShareCode\Server\CloudSharedCoding\SqlTool.cpp(34,9): message : in expansion of macro ‘ERROR_LOG’
D:\Git\CloudShareCode\Server\CloudSharedCoding\SqlTool.cpp(46,29): warning : conversion from ‘uint64_t’ {aka ‘long unsigned int’} to ‘int’ may change value [-Wconversion]
D:\Git\CloudShareCode\Server\CloudSharedCoding\SqlTool.cpp(46,29): warning :    46 |     int num = mysql_num_rows(result);
D:\Git\CloudShareCode\Server\CloudSharedCoding\SqlTool.cpp(46,29): warning :       |               ~~~~~~~~~~~~~~^~~~~~~~
  TcpServer.cpp
D:\Git\CloudShareCode\Server\CloudSharedCoding\Log.h(105,21): warning : ‘Log::LogEvent::m_ss’ will be initialized after [-Wreorder]
D:\Git\CloudShareCode\Server\CloudSharedCoding\Log.h(99,21): warning : ‘std::string Log::LogEvent::m_fileName’ [-Wreorder]
D:\Git\CloudShareCode\Server\CloudSharedCoding\Log.h(78,9): warning : when initialized here [-Wreorder]
D:\Git\CloudShareCode\Server\CloudSharedCoding\Log.h(78,9): warning :    78 |         LogEvent(
D:\Git\CloudShareCode\Server\CloudSharedCoding\Log.h(78,9): warning :       |         ^~~~~~~~
D:\Git\CloudShareCode\Server\CloudSharedCoding\Log.h(104,17): warning : ‘Log::LogEvent::m_line’ will be initialized after [-Wreorder]
D:\Git\CloudShareCode\Server\CloudSharedCoding\Log.h(104,17): warning :   104 |         int32_t m_line;
D:\Git\CloudShareCode\Server\CloudSharedCoding\Log.h(104,17): warning :       |                 ^~~~~~
D:\Git\CloudShareCode\Server\CloudSharedCoding\Log.h(100,18): warning : ‘uint32_t Log::LogEvent::m_threadId’ [-Wreorder]
D:\Git\CloudShareCode\Server\CloudSharedCoding\Log.h(100,18): warning :   100 |         uint32_t m_threadId;
D:\Git\CloudShareCode\Server\CloudSharedCoding\Log.h(100,18): warning :       |                  ^~~~~~~~~~
D:\Git\CloudShareCode\Server\CloudSharedCoding\Log.h(78,9): warning : when initialized here [-Wreorder]
D:\Git\CloudShareCode\Server\CloudSharedCoding\Log.h(78,9): warning :    78 |         LogEvent(
D:\Git\CloudShareCode\Server\CloudSharedCoding\Log.h(78,9): warning :       |         ^~~~~~~~
D:\Git\CloudShareCode\Server\CloudSharedCoding\Log.h(93,37): warning : conversion from ‘int64_t’ {aka ‘long int’} to ‘uint32_t’ {aka ‘unsigned int’} may change value [-Wconversion]
D:\Git\CloudShareCode\Server\CloudSharedCoding\Log.h(93,37): warning :    93 |         uint32_t getTime() { return m_time; };
D:\Git\CloudShareCode\Server\CloudSharedCoding\Log.h(93,37): warning :       |                                     ^~~~~~
D:\Git\CloudShareCode\Server\CloudSharedCoding\Log.h(20,86): warning : conversion from ‘long long unsigned int’ to ‘uint32_t’ {aka ‘unsigned int’} may change value [-Wconversion]
D:\Git\CloudShareCode\Server\CloudSharedCoding\Tool.h(17,9): message : in expansion of macro ‘ERROR_LOG’
D:\Git\CloudShareCode\Server\CloudSharedCoding\Tool.h(17,9): message :    17 |         ERROR_LOG(logger, str);
D:\Git\CloudShareCode\Server\CloudSharedCoding\Tool.h(17,9): message :       |         ^~~~~~~~~
D:\Git\CloudShareCode\Server\CloudSharedCoding\Log.h(25,86): warning : conversion from ‘long long unsigned int’ to ‘uint32_t’ {aka ‘unsigned int’} may change value [-Wconversion]
D:\Git\CloudShareCode\Server\CloudSharedCoding\Tool.h(25,9): message : in expansion of macro ‘DEBUG_LOG’
D:\Git\CloudShareCode\Server\CloudSharedCoding\Tool.h(25,9): message :    25 |         DEBUG_LOG(logger, str);
D:\Git\CloudShareCode\Server\CloudSharedCoding\Tool.h(25,9): message :       |         ^~~~~~~~~
D:\Git\CloudShareCode\Server\CloudSharedCoding\Log.h(35,86): warning : conversion from ‘long long unsigned int’ to ‘uint32_t’ {aka ‘unsigned int’} may change value [-Wconversion]
D:\Git\CloudShareCode\Server\CloudSharedCoding\Tool.h(33,9): message : in expansion of macro ‘INFO_LOG’
D:\Git\CloudShareCode\Server\CloudSharedCoding\Tool.h(33,9): message :    33 |         INFO_LOG(logger, str);
D:\Git\CloudShareCode\Server\CloudSharedCoding\Tool.h(33,9): message :       |         ^~~~~~~~
D:\Git\CloudShareCode\Server\CloudSharedCoding\Log.h(15,86): warning : conversion from ‘long long unsigned int’ to ‘uint32_t’ {aka ‘unsigned int’} may change value [-Wconversion]
D:\Git\CloudShareCode\Server\CloudSharedCoding\Tool.h(41,9): message : in expansion of macro ‘WARN_LOG’
D:\Git\CloudShareCode\Server\CloudSharedCoding\Tool.h(41,9): message :    41 |         WARN_LOG(logger, str);
D:\Git\CloudShareCode\Server\CloudSharedCoding\Tool.h(41,9): message :       |         ^~~~~~~~
D:\Git\CloudShareCode\Server\CloudSharedCoding\Log.h(30,86): warning : conversion from ‘long long unsigned int’ to ‘uint32_t’ {aka ‘unsigned int’} may change value [-Wconversion]
D:\Git\CloudShareCode\Server\CloudSharedCoding\Tool.h(49,9): message : in expansion of macro ‘FATAL_LOG’
D:\Git\CloudShareCode\Server\CloudSharedCoding\Tool.h(49,9): message :    49 |         FATAL_LOG(logger, str);
D:\Git\CloudShareCode\Server\CloudSharedCoding\Tool.h(49,9): message :       |         ^~~~~~~~~
D:\Git\CloudShareCode\Server\CloudSharedCoding\Log.h(20,86): warning : conversion from ‘long long unsigned int’ to ‘uint32_t’ {aka ‘unsigned int’} may change value [-Wconversion]
D:\Git\CloudShareCode\Server\CloudSharedCoding\Tool.h(57,9): message : in expansion of macro ‘ERROR_LOG’
D:\Git\CloudShareCode\Server\CloudSharedCoding\Tool.h(57,9): message :    57 |         ERROR_LOG(ToolLog, "An array of length >=4 is required");
D:\Git\CloudShareCode\Server\CloudSharedCoding\Tool.h(57,9): message :       |         ^~~~~~~~~
D:\Git\CloudShareCode\Server\CloudSharedCoding\Log.h(20,86): warning : conversion from ‘long long unsigned int’ to ‘uint32_t’ {aka ‘unsigned int’} may change value [-Wconversion]
D:\Git\CloudShareCode\Server\CloudSharedCoding\Tool.h(62,9): message : in expansion of macro ‘ERROR_LOG’
D:\Git\CloudShareCode\Server\CloudSharedCoding\Tool.h(62,9): message :    62 |         ERROR_LOG(ToolLog, "Access overflow");
D:\Git\CloudShareCode\Server\CloudSharedCoding\Tool.h(62,9): message :       |         ^~~~~~~~~
D:\Git\CloudShareCode\Server\CloudSharedCoding\Log.h(20,86): warning : conversion from ‘long long unsigned int’ to ‘uint32_t’ {aka ‘unsigned int’} may change value [-Wconversion]
D:\Git\CloudShareCode\Server\CloudSharedCoding\Tool.h(75,9): message : in expansion of macro ‘ERROR_LOG’
D:\Git\CloudShareCode\Server\CloudSharedCoding\Tool.h(75,9): message :    75 |         ERROR_LOG(ToolLog, "Array access could out of bounds");
D:\Git\CloudShareCode\Server\CloudSharedCoding\Tool.h(75,9): message :       |         ^~~~~~~~~
D:\Git\CloudShareCode\Server\CloudSharedCoding\Tool.h(87,25): warning : conversion from ‘std::__cxx11::basic_string<char>::size_type’ {aka ‘long unsigned int’} to ‘int’ may change value [-Wconversion]
D:\Git\CloudShareCode\Server\CloudSharedCoding\Tool.h(87,25): warning :    87 |     int index = str.find(split, 0);
D:\Git\CloudShareCode\Server\CloudSharedCoding\Tool.h(87,25): warning :       |                 ~~~~~~~~^~~~~~~~~~
D:\Git\CloudShareCode\Server\CloudSharedCoding\Tool.h(88,15): warning : comparison of integer expressions of different signedness: ‘int’ and ‘const size_type’ {aka ‘const long unsigned int’} [-Wsign-compare]
D:\Git\CloudShareCode\Server\CloudSharedCoding\Tool.h(95,18): warning : comparison of integer expressions of different signedness: ‘int’ and ‘const size_type’ {aka ‘const long unsigned int’} [-Wsign-compare]
D:\Git\CloudShareCode\Server\CloudSharedCoding\Tool.h(100,25): warning : conversion from ‘std::__cxx11::basic_string<char>::size_type’ {aka ‘long unsigned int’} to ‘int’ may change value [-Wconversion]
D:\Git\CloudShareCode\Server\CloudSharedCoding\Tool.h(100,25): warning :   100 |         index = str.find(split, index + 1);
D:\Git\CloudShareCode\Server\CloudSharedCoding\Tool.h(100,25): warning :       |                 ~~~~~~~~^~~~~~~~~~~~~~~~~~
D:\Git\CloudShareCode\Server\CloudSharedCoding\Tool.h(111,10): warning : unused variable ‘filepath’ [-Wunused-variable]
D:\Git\CloudShareCode\Server\CloudSharedCoding\Tool.h(111,10): warning :   111 |     char filepath[256] = { 0 };
D:\Git\CloudShareCode\Server\CloudSharedCoding\Tool.h(111,10): warning :       |          ^~~~~~~~
D:\Git\CloudShareCode\Server\CloudSharedCoding\Tool.h(186,24): warning : conversion from ‘__off_t’ {aka ‘long int’} to ‘int’ may change value [-Wconversion]
D:\Git\CloudShareCode\Server\CloudSharedCoding\Tool.h(186,24): warning :   186 |     int length = stbuf.st_size;
D:\Git\CloudShareCode\Server\CloudSharedCoding\Tool.h(186,24): warning :       |                  ~~~~~~^~~~~~~
D:\Git\CloudShareCode\Server\CloudSharedCoding\Tool.h(207,27): warning : comparison of integer expressions of different signedness: ‘int’ and ‘std::__cxx11::basic_string<char>::size_type’ {aka ‘long unsigned int’} [-Wsign-compare]
D:\Git\CloudShareCode\Server\CloudSharedCoding\Tool.h(207,27): warning :   207 |     if (pos + charRemoved < buf.length())
D:\Git\CloudShareCode\Server\CloudSharedCoding\Tool.h(207,27): warning :       |         ~~~~~~~~~~~~~~~~~~^~~~~~~~~~~~~~
D:\Git\CloudShareCode\Server\CloudSharedCoding\ThreadPool.h(107,27): warning : comparison of integer expressions of different signedness: ‘int’ and ‘std::vector<std::thread>::size_type’ {aka ‘long unsigned int’} [-Wsign-compare]
D:\Git\CloudShareCode\Server\CloudSharedCoding\ThreadPool.h(107,27): warning :   107 |         for (int i = 0; i < m_threads.size(); i++)
D:\Git\CloudShareCode\Server\CloudSharedCoding\ThreadPool.h(107,27): warning :       |                         ~~^~~~~~~~~~~~~~~~~~
D:\Git\CloudShareCode\Server\CloudSharedCoding\ThreadPool.h(118,27): warning : comparison of integer expressions of different signedness: ‘int’ and ‘std::vector<std::thread>::size_type’ {aka ‘long unsigned int’} [-Wsign-compare]
D:\Git\CloudShareCode\Server\CloudSharedCoding\ThreadPool.h(118,27): warning :   118 |         for (int i = 0; i < m_threads.size(); i++)
D:\Git\CloudShareCode\Server\CloudSharedCoding\ThreadPool.h(118,27): warning :       |                         ~~^~~~~~~~~~~~~~~~~~
D:\Git\CloudShareCode\Server\CloudSharedCoding\TcpServer.cpp(31,36): warning : conversion from ‘uint32_t’ {aka ‘unsigned int’} to ‘uint16_t’ {aka ‘short unsigned int’} may change value [-Wconversion]
D:\Git\CloudShareCode\Server\CloudSharedCoding\TcpServer.cpp(31,36): warning :    31 |     m_server_addr.sin_port = htons(port);
D:\Git\CloudShareCode\Server\CloudSharedCoding\TcpServer.cpp(31,36): warning :       |                                    ^~~~
D:\Git\CloudShareCode\Server\CloudSharedCoding\Log.h(35,86): warning : conversion from ‘long long unsigned int’ to ‘uint32_t’ {aka ‘unsigned int’} may change value [-Wconversion]
D:\Git\CloudShareCode\Server\CloudSharedCoding\TcpServer.cpp(49,5): message : in expansion of macro ‘INFO_LOG’
D:\Git\CloudShareCode\Server\CloudSharedCoding\TcpServer.cpp(49,5): message :    49 |     INFO_LOG(m_logger, "Server start!");
D:\Git\CloudShareCode\Server\CloudSharedCoding\TcpServer.cpp(49,5): message :       |     ^~~~~~~~
D:\Git\CloudShareCode\Server\CloudSharedCoding\Log.h(35,86): warning : conversion from ‘long long unsigned int’ to ‘uint32_t’ {aka ‘unsigned int’} may change value [-Wconversion]
D:\Git\CloudShareCode\Server\CloudSharedCoding\TcpServer.cpp(90,17): message : in expansion of macro ‘INFO_LOG’
D:\Git\CloudShareCode\Server\CloudSharedCoding\TcpServer.cpp(90,17): message :    90 |                 INFO_LOG(m_logger, "connect");
D:\Git\CloudShareCode\Server\CloudSharedCoding\TcpServer.cpp(90,17): message :       |                 ^~~~~~~~
D:\Git\CloudShareCode\Server\CloudSharedCoding\TcpServer.cpp(96,32): warning : conversion from ‘ssize_t’ {aka ‘long int’} to ‘int’ may change value [-Wconversion]
D:\Git\CloudShareCode\Server\CloudSharedCoding\TcpServer.cpp(96,32): warning :    96 |                 if ((ret = read(sock_fd, buf, sizeof(buf))) == 0)
D:\Git\CloudShareCode\Server\CloudSharedCoding\TcpServer.cpp(96,32): warning :       |                            ~~~~^~~~~~~~~~~~~~~~~~~~~~~~~~~
D:\Git\CloudShareCode\Server\CloudSharedCoding\Log.h(35,86): warning : conversion from ‘long long unsigned int’ to ‘uint32_t’ {aka ‘unsigned int’} may change value [-Wconversion]
D:\Git\CloudShareCode\Server\CloudSharedCoding\TcpServer.cpp(98,21): message : in expansion of macro ‘INFO_LOG’
D:\Git\CloudShareCode\Server\CloudSharedCoding\TcpServer.cpp(98,69): warning : left operand of comma operator has no effect [-Wunused-value]
D:\Git\CloudShareCode\Server\CloudSharedCoding\Log.h(36,60): message : in definition of macro ‘INFO_LOG’
D:\Git\CloudShareCode\Server\CloudSharedCoding\TcpServer.cpp(103,50): warning : conversion from ‘std::multimap<int, int>::size_type’ {aka ‘long unsigned int’} to ‘int’ may change value [-Wconversion]
D:\Git\CloudShareCode\Server\CloudSharedCoding\TcpServer.cpp(103,50): warning :   103 |                         int num = file_map->count(it);
D:\Git\CloudShareCode\Server\CloudSharedCoding\TcpServer.cpp(103,50): warning :       |                                   ~~~~~~~~~~~~~~~^~~~
D:\Git\CloudShareCode\Server\CloudSharedCoding\TcpServer.cpp(118,53): warning : conversion from ‘std::multimap<int, int>::size_type’ {aka ‘long unsigned int’} to ‘int’ may change value [-Wconversion]
D:\Git\CloudShareCode\Server\CloudSharedCoding\TcpServer.cpp(118,53): warning :   118 |                         int num = project_map->count(it);
D:\Git\CloudShareCode\Server\CloudSharedCoding\TcpServer.cpp(118,53): warning :       |                                   ~~~~~~~~~~~~~~~~~~^~~~
D:\Git\CloudShareCode\Server\CloudSharedCoding\Log.h(35,86): warning : conversion from ‘long long unsigned int’ to ‘uint32_t’ {aka ‘unsigned int’} may change value [-Wconversion]
D:\Git\CloudShareCode\Server\CloudSharedCoding\TcpServer.cpp(223,25): message : in expansion of macro ‘INFO_LOG’
D:\Git\CloudShareCode\Server\CloudSharedCoding\TcpServer.cpp(223,25): message :   223 |                         INFO_LOG(m_logger, "UNKNOW PACKAGETYPE");
D:\Git\CloudShareCode\Server\CloudSharedCoding\TcpServer.cpp(223,25): message :       |                         ^~~~~~~~
D:\Git\CloudShareCode\Server\CloudSharedCoding\TcpServer.cpp(241,82): warning : conversion from ‘std::__cxx11::basic_string<char>::size_type’ {aka ‘long unsigned int’} to ‘int’ may change value [-Wconversion]
D:\Git\CloudShareCode\Server\CloudSharedCoding\TcpServer.cpp(251,90): warning : conversion from ‘std::__cxx11::basic_string<char>::size_type’ {aka ‘long unsigned int’} to ‘int’ may change value [-Wconversion]
D:\Git\CloudShareCode\Server\CloudSharedCoding\TcpServer.cpp(317,82): warning : conversion from ‘std::__cxx11::basic_string<char>::size_type’ {aka ‘long unsigned int’} to ‘int’ may change value [-Wconversion]
D:\Git\CloudShareCode\Server\CloudSharedCoding\TcpServer.cpp(336,77): warning : conversion from ‘std::__cxx11::basic_string<char>::size_type’ {aka ‘long unsigned int’} to ‘int’ may change value [-Wconversion]
D:\Git\CloudShareCode\Server\CloudSharedCoding\TcpServer.cpp(371,79): warning : conversion from ‘std::__cxx11::basic_string<char>::size_type’ {aka ‘long unsigned int’} to ‘int’ may change value [-Wconversion]
D:\Git\CloudShareCode\Server\CloudSharedCoding\Log.h(20,86): warning : conversion from ‘long long unsigned int’ to ‘uint32_t’ {aka ‘unsigned int’} may change value [-Wconversion]
D:\Git\CloudShareCode\Server\CloudSharedCoding\TcpServer.cpp(394,9): message : in expansion of macro ‘ERROR_LOG’
D:\Git\CloudShareCode\Server\CloudSharedCoding\TcpServer.cpp(394,9): message :   394 |         ERROR_LOG(m_logger, "rm_dir ERROR!");
D:\Git\CloudShareCode\Server\CloudSharedCoding\TcpServer.cpp(394,9): message :       |         ^~~~~~~~~
D:\Git\CloudShareCode\Server\CloudSharedCoding\Log.h(20,86): warning : conversion from ‘long long unsigned int’ to ‘uint32_t’ {aka ‘unsigned int’} may change value [-Wconversion]
D:\Git\CloudShareCode\Server\CloudSharedCoding\TcpServer.cpp(415,9): message : in expansion of macro ‘ERROR_LOG’
D:\Git\CloudShareCode\Server\CloudSharedCoding\TcpServer.cpp(415,9): message :   415 |         ERROR_LOG(m_logger, "ifstream open file error");
D:\Git\CloudShareCode\Server\CloudSharedCoding\TcpServer.cpp(415,9): message :       |         ^~~~~~~~~
D:\Git\CloudShareCode\Server\CloudSharedCoding\TcpServer.cpp(424,22): warning : comparison of integer expressions of different signedness: ‘size_t’ {aka ‘long unsigned int’} and ‘__off_t’ {aka ‘long int’} [-Wsign-compare]
D:\Git\CloudShareCode\Server\CloudSharedCoding\TcpServer.cpp(424,22): warning :   424 |         while (sended<st.st_size)
D:\Git\CloudShareCode\Server\CloudSharedCoding\TcpServer.cpp(424,22): warning :       |                ~~~~~~^~~~~~~~~~~
D:\Git\CloudShareCode\Server\CloudSharedCoding\TcpServer.cpp(427,35): warning : conversion from ‘std::streamsize’ {aka ‘long int’} to ‘int’ may change value [-Wconversion]
D:\Git\CloudShareCode\Server\CloudSharedCoding\TcpServer.cpp(427,35): warning :   427 |             int ret = ifs.readsome(buffer+4, sizeof(buffer)-4);
D:\Git\CloudShareCode\Server\CloudSharedCoding\TcpServer.cpp(427,35): warning :       |                       ~~~~~~~~~~~~^~~~~~~~~~~~~~~~~~~~~~~~~~~~
D:\Git\CloudShareCode\Server\CloudSharedCoding\TcpServer.cpp(477,34): warning : conversion from ‘std::multimap<int, int>::size_type’ {aka ‘long unsigned int’} to ‘int’ may change value [-Wconversion]
D:\Git\CloudShareCode\Server\CloudSharedCoding\TcpServer.cpp(477,34): warning :   477 |     int pnum = project_map->count(pro_id);
D:\Git\CloudShareCode\Server\CloudSharedCoding\TcpServer.cpp(477,34): warning :       |                ~~~~~~~~~~~~~~~~~~^~~~~~~~
D:\Git\CloudShareCode\Server\CloudSharedCoding\TcpServer.cpp(482,83): warning : conversion from ‘std::__cxx11::basic_string<char>::size_type’ {aka ‘long unsigned int’} to ‘int’ may change value [-Wconversion]
D:\Git\CloudShareCode\Server\CloudSharedCoding\TcpServer.cpp(508,92): warning : conversion from ‘std::__cxx11::basic_string<char>::size_type’ {aka ‘long unsigned int’} to ‘int’ may change value [-Wconversion]
D:\Git\CloudShareCode\Server\CloudSharedCoding\TcpServer.cpp(509,33): warning : conversion from ‘std::multimap<int, int>::size_type’ {aka ‘long unsigned int’} to ‘int’ may change value [-Wconversion]
D:\Git\CloudShareCode\Server\CloudSharedCoding\TcpServer.cpp(509,33): warning :   509 |     int num = project_map->count(pid);
D:\Git\CloudShareCode\Server\CloudSharedCoding\TcpServer.cpp(509,33): warning :       |               ~~~~~~~~~~~~~~~~~~^~~~~
D:\Git\CloudShareCode\Server\CloudSharedCoding\TcpServer.cpp(554,82): warning : conversion from ‘std::__cxx11::basic_string<char>::size_type’ {aka ‘long unsigned int’} to ‘int’ may change value [-Wconversion]
D:\Git\CloudShareCode\Server\CloudSharedCoding\TcpServer.cpp(560,82): warning : conversion from ‘std::__cxx11::basic_string<char>::size_type’ {aka ‘long unsigned int’} to ‘int’ may change value [-Wconversion]
D:\Git\CloudShareCode\Server\CloudSharedCoding\TcpServer.cpp(568,85): warning : conversion from ‘std::__cxx11::basic_string<char>::size_type’ {aka ‘long unsigned int’} to ‘int’ may change value [-Wconversion]
D:\Git\CloudShareCode\Server\CloudSharedCoding\Log.h(20,86): warning : conversion from ‘long long unsigned int’ to ‘uint32_t’ {aka ‘unsigned int’} may change value [-Wconversion]
D:\Git\CloudShareCode\Server\CloudSharedCoding\TcpServer.cpp(589,9): message : in expansion of macro ‘ERROR_LOG’
D:\Git\CloudShareCode\Server\CloudSharedCoding\TcpServer.cpp(589,9): message :   589 |         ERROR_LOG(m_logger, "edit file error");
D:\Git\CloudShareCode\Server\CloudSharedCoding\TcpServer.cpp(589,9): message :       |         ^~~~~~~~~
D:\Git\CloudShareCode\Server\CloudSharedCoding\TcpServer.cpp(592,30): warning : conversion from ‘std::multimap<int, int>::size_type’ {aka ‘long unsigned int’} to ‘int’ may change value [-Wconversion]
D:\Git\CloudShareCode\Server\CloudSharedCoding\TcpServer.cpp(592,30): warning :   592 |     int num = file_map->count(file_id);
D:\Git\CloudShareCode\Server\CloudSharedCoding\TcpServer.cpp(592,30): warning :       |               ~~~~~~~~~~~~~~~^~~~~~~~~
D:\Git\CloudShareCode\Server\CloudSharedCoding\TcpServer.cpp(600,78): warning : conversion from ‘std::__cxx11::basic_string<char>::size_type’ {aka ‘long unsigned int’} to ‘int’ may change value [-Wconversion]
D:\Git\CloudShareCode\Server\CloudSharedCoding\TcpServer.cpp(622,80): warning : conversion from ‘std::__cxx11::basic_string<char>::size_type’ {aka ‘long unsigned int’} to ‘int’ may change value [-Wconversion]
D:\Git\CloudShareCode\Server\CloudSharedCoding\TcpServer.cpp(634,23): warning : comparison of integer expressions of different signedness: ‘int’ and ‘std::vector<std::__cxx11::basic_string<char> >::size_type’ {aka ‘long unsigned int’} [-Wsign-compare]
D:\Git\CloudShareCode\Server\CloudSharedCoding\TcpServer.cpp(634,23): warning :   634 |     for (int i = 1; i < list.size(); i++)
D:\Git\CloudShareCode\Server\CloudSharedCoding\TcpServer.cpp(634,23): warning :       |                     ~~^~~~~~~~~~~~~
D:\Git\CloudShareCode\Server\CloudSharedCoding\TcpServer.cpp(644,75): warning : conversion from ‘std::__cxx11::basic_string<char>::size_type’ {aka ‘long unsigned int’} to ‘int’ may change value [-Wconversion]
D:\Git\CloudShareCode\Server\CloudSharedCoding\TcpServer.cpp(699,82): warning : conversion from ‘std::__cxx11::basic_string<char>::size_type’ {aka ‘long unsigned int’} to ‘int’ may change value [-Wconversion]
D:\Git\CloudShareCode\Server\CloudSharedCoding\Log.h(20,86): warning : conversion from ‘long long unsigned int’ to ‘uint32_t’ {aka ‘unsigned int’} may change value [-Wconversion]
D:\Git\CloudShareCode\Server\CloudSharedCoding\TcpServer.cpp(701,9): message : in expansion of macro ‘ERROR_LOG’
D:\Git\CloudShareCode\Server\CloudSharedCoding\TcpServer.cpp(701,9): message :   701 |         ERROR_LOG(m_logger, "pipe error");
D:\Git\CloudShareCode\Server\CloudSharedCoding\TcpServer.cpp(701,9): message :       |         ^~~~~~~~~
D:\Git\CloudShareCode\Server\CloudSharedCoding\TcpServer.cpp(710,82): warning : conversion from ‘std::__cxx11::basic_string<char>::size_type’ {aka ‘long unsigned int’} to ‘int’ may change value [-Wconversion]
D:\Git\CloudShareCode\Server\CloudSharedCoding\Log.h(20,86): warning : conversion from ‘long long unsigned int’ to ‘uint32_t’ {aka ‘unsigned int’} may change value [-Wconversion]
D:\Git\CloudShareCode\Server\CloudSharedCoding\TcpServer.cpp(712,9): message : in expansion of macro ‘ERROR_LOG’
D:\Git\CloudShareCode\Server\CloudSharedCoding\TcpServer.cpp(712,9): message :   712 |         ERROR_LOG(m_logger, "pipe error");
D:\Git\CloudShareCode\Server\CloudSharedCoding\TcpServer.cpp(712,9): message :       |         ^~~~~~~~~
D:\Git\CloudShareCode\Server\CloudSharedCoding\Log.h(20,86): warning : conversion from ‘long long unsigned int’ to ‘uint32_t’ {aka ‘unsigned int’} may change value [-Wconversion]
D:\Git\CloudShareCode\Server\CloudSharedCoding\TcpServer.cpp(724,9): message : in expansion of macro ‘ERROR_LOG’
D:\Git\CloudShareCode\Server\CloudSharedCoding\TcpServer.cpp(724,9): message :   724 |         ERROR_LOG(m_logger, "fork error");
D:\Git\CloudShareCode\Server\CloudSharedCoding\TcpServer.cpp(724,9): message :       |         ^~~~~~~~~
D:\Git\CloudShareCode\Server\CloudSharedCoding\TcpServer.cpp(740,86): warning : conversion from ‘std::__cxx11::basic_string<char>::size_type’ {aka ‘long unsigned int’} to ‘int’ may change value [-Wconversion]
D:\Git\CloudShareCode\Server\CloudSharedCoding\TcpServer.cpp(733,13): warning : unused variable ‘saveOutfd’ [-Wunused-variable]
D:\Git\CloudShareCode\Server\CloudSharedCoding\TcpServer.cpp(733,13): warning :   733 |         int saveOutfd = dup2(subWfd, STDOUT_FILENO);
D:\Git\CloudShareCode\Server\CloudSharedCoding\TcpServer.cpp(733,13): warning :       |             ^~~~~~~~~
D:\Git\CloudShareCode\Server\CloudSharedCoding\TcpServer.cpp(734,13): warning : unused variable ‘saveInfd’ [-Wunused-variable]
D:\Git\CloudShareCode\Server\CloudSharedCoding\TcpServer.cpp(734,13): warning :   734 |         int saveInfd = dup2(subRfd, STDIN_FILENO);
D:\Git\CloudShareCode\Server\CloudSharedCoding\TcpServer.cpp(734,13): warning :       |             ^~~~~~~~
D:\Git\CloudShareCode\Server\CloudSharedCoding\TcpServer.cpp(750,27): warning : conversion from ‘ssize_t’ {aka ‘long int’} to ‘int’ may change value [-Wconversion]
D:\Git\CloudShareCode\Server\CloudSharedCoding\TcpServer.cpp(750,27): warning :   750 |         while ((ret = read(mainRfd, buf, 1024)) != NULL)
D:\Git\CloudShareCode\Server\CloudSharedCoding\TcpServer.cpp(750,27): warning :       |                       ~~~~^~~~~~~~~~~~~~~~~~~~
D:\Git\CloudShareCode\Server\CloudSharedCoding\TcpServer.cpp(750,52): warning : NULL used in arithmetic [-Wpointer-arith]
D:\Git\CloudShareCode\Server\CloudSharedCoding\TcpServer.cpp(750,52): warning :   750 |         while ((ret = read(mainRfd, buf, 1024)) != NULL)
D:\Git\CloudShareCode\Server\CloudSharedCoding\TcpServer.cpp(750,52): warning :       |                                                    ^~~~
D:\Git\CloudShareCode\Server\CloudSharedCoding\Tool.h(37,13): warning : ‘void WARN_CHECK(int, std::string, Log::Logger)’ defined but not used [-Wunused-function]
D:\Git\CloudShareCode\Server\CloudSharedCoding\Tool.h(29,13): warning : ‘void INFO_CHECK(int, std::string, Log::Logger)’ defined but not used [-Wunused-function]
D:\Git\CloudShareCode\Server\CloudSharedCoding\Tool.h(21,13): warning : ‘void DEBUG_CHECK(int, std::string, Log::Logger)’ defined but not used [-Wunused-function]
  源.cpp
D:\Git\CloudShareCode\Server\CloudSharedCoding\Log.h(105,21): warning : ‘Log::LogEvent::m_ss’ will be initialized after [-Wreorder]
D:\Git\CloudShareCode\Server\CloudSharedCoding\Log.h(99,21): warning : ‘std::string Log::LogEvent::m_fileName’ [-Wreorder]
D:\Git\CloudShareCode\Server\CloudSharedCoding\Log.h(78,9): warning : when initialized here [-Wreorder]
D:\Git\CloudShareCode\Server\CloudSharedCoding\Log.h(78,9): warning :    78 |         LogEvent(
D:\Git\CloudShareCode\Server\CloudSharedCoding\Log.h(78,9): warning :       |         ^~~~~~~~
D:\Git\CloudShareCode\Server\CloudSharedCoding\Log.h(104,17): warning : ‘Log::LogEvent::m_line’ will be initialized after [-Wreorder]
D:\Git\CloudShareCode\Server\CloudSharedCoding\Log.h(104,17): warning :   104 |         int32_t m_line;
D:\Git\CloudShareCode\Server\CloudSharedCoding\Log.h(104,17): warning :       |                 ^~~~~~
D:\Git\CloudShareCode\Server\CloudSharedCoding\Log.h(100,18): warning : ‘uint32_t Log::LogEvent::m_threadId’ [-Wreorder]
D:\Git\CloudShareCode\Server\CloudSharedCoding\Log.h(100,18): warning :   100 |         uint32_t m_threadId;
D:\Git\CloudShareCode\Server\CloudSharedCoding\Log.h(100,18): warning :       |                  ^~~~~~~~~~
D:\Git\CloudShareCode\Server\CloudSharedCoding\Log.h(78,9): warning : when initialized here [-Wreorder]
D:\Git\CloudShareCode\Server\CloudSharedCoding\Log.h(78,9): warning :    78 |         LogEvent(
D:\Git\CloudShareCode\Server\CloudSharedCoding\Log.h(78,9): warning :       |         ^~~~~~~~
D:\Git\CloudShareCode\Server\CloudSharedCoding\Log.h(93,37): warning : conversion from ‘int64_t’ {aka ‘long int’} to ‘uint32_t’ {aka ‘unsigned int’} may change value [-Wconversion]
D:\Git\CloudShareCode\Server\CloudSharedCoding\Log.h(93,37): warning :    93 |         uint32_t getTime() { return m_time; };
D:\Git\CloudShareCode\Server\CloudSharedCoding\Log.h(93,37): warning :       |                                     ^~~~~~
D:\Git\CloudShareCode\Server\CloudSharedCoding\Log.h(20,86): warning : conversion from ‘long long unsigned int’ to ‘uint32_t’ {aka ‘unsigned int’} may change value [-Wconversion]
D:\Git\CloudShareCode\Server\CloudSharedCoding\Tool.h(17,9): message : in expansion of macro ‘ERROR_LOG’
D:\Git\CloudShareCode\Server\CloudSharedCoding\Tool.h(17,9): message :    17 |         ERROR_LOG(logger, str);
D:\Git\CloudShareCode\Server\CloudSharedCoding\Tool.h(17,9): message :       |         ^~~~~~~~~
D:\Git\CloudShareCode\Server\CloudSharedCoding\Log.h(25,86): warning : conversion from ‘long long unsigned int’ to ‘uint32_t’ {aka ‘unsigned int’} may change value [-Wconversion]
D:\Git\CloudShareCode\Server\CloudSharedCoding\Tool.h(25,9): message : in expansion of macro ‘DEBUG_LOG’
D:\Git\CloudShareCode\Server\CloudSharedCoding\Tool.h(25,9): message :    25 |         DEBUG_LOG(logger, str);
D:\Git\CloudShareCode\Server\CloudSharedCoding\Tool.h(25,9): message :       |         ^~~~~~~~~
D:\Git\CloudShareCode\Server\CloudSharedCoding\Log.h(35,86): warning : conversion from ‘long long unsigned int’ to ‘uint32_t’ {aka ‘unsigned int’} may change value [-Wconversion]
D:\Git\CloudShareCode\Server\CloudSharedCoding\Tool.h(33,9): message : in expansion of macro ‘INFO_LOG’
D:\Git\CloudShareCode\Server\CloudSharedCoding\Tool.h(33,9): message :    33 |         INFO_LOG(logger, str);
D:\Git\CloudShareCode\Server\CloudSharedCoding\Tool.h(33,9): message :       |         ^~~~~~~~
D:\Git\CloudShareCode\Server\CloudSharedCoding\Log.h(15,86): warning : conversion from ‘long long unsigned int’ to ‘uint32_t’ {aka ‘unsigned int’} may change value [-Wconversion]
D:\Git\CloudShareCode\Server\CloudSharedCoding\Tool.h(41,9): message : in expansion of macro ‘WARN_LOG’
D:\Git\CloudShareCode\Server\CloudSharedCoding\Tool.h(41,9): message :    41 |         WARN_LOG(logger, str);
D:\Git\CloudShareCode\Server\CloudSharedCoding\Tool.h(41,9): message :       |         ^~~~~~~~
D:\Git\CloudShareCode\Server\CloudSharedCoding\Log.h(30,86): warning : conversion from ‘long long unsigned int’ to ‘uint32_t’ {aka ‘unsigned int’} may change value [-Wconversion]
D:\Git\CloudShareCode\Server\CloudSharedCoding\Tool.h(49,9): message : in expansion of macro ‘FATAL_LOG’
D:\Git\CloudShareCode\Server\CloudSharedCoding\Tool.h(49,9): message :    49 |         FATAL_LOG(logger, str);
D:\Git\CloudShareCode\Server\CloudSharedCoding\Tool.h(49,9): message :       |         ^~~~~~~~~
D:\Git\CloudShareCode\Server\CloudSharedCoding\Log.h(20,86): warning : conversion from ‘long long unsigned int’ to ‘uint32_t’ {aka ‘unsigned int’} may change value [-Wconversion]
D:\Git\CloudShareCode\Server\CloudSharedCoding\Tool.h(57,9): message : in expansion of macro ‘ERROR_LOG’
D:\Git\CloudShareCode\Server\CloudSharedCoding\Tool.h(57,9): message :    57 |         ERROR_LOG(ToolLog, "An array of length >=4 is required");
D:\Git\CloudShareCode\Server\CloudSharedCoding\Tool.h(57,9): message :       |         ^~~~~~~~~
D:\Git\CloudShareCode\Server\CloudSharedCoding\Log.h(20,86): warning : conversion from ‘long long unsigned int’ to ‘uint32_t’ {aka ‘unsigned int’} may change value [-Wconversion]
D:\Git\CloudShareCode\Server\CloudSharedCoding\Tool.h(62,9): message : in expansion of macro ‘ERROR_LOG’
D:\Git\CloudShareCode\Server\CloudSharedCoding\Tool.h(62,9): message :    62 |         ERROR_LOG(ToolLog, "Access overflow");
D:\Git\CloudShareCode\Server\CloudSharedCoding\Tool.h(62,9): message :       |         ^~~~~~~~~
D:\Git\CloudShareCode\Server\CloudSharedCoding\Log.h(20,86): warning : conversion from ‘long long unsigned int’ to ‘uint32_t’ {aka ‘unsigned int’} may change value [-Wconversion]
D:\Git\CloudShareCode\Server\CloudSharedCoding\Tool.h(75,9): message : in expansion of macro ‘ERROR_LOG’
D:\Git\CloudShareCode\Server\CloudSharedCoding\Tool.h(75,9): message :    75 |         ERROR_LOG(ToolLog, "Array access could out of bounds");
D:\Git\CloudShareCode\Server\CloudSharedCoding\Tool.h(75,9): message :       |         ^~~~~~~~~
D:\Git\CloudShareCode\Server\CloudSharedCoding\Tool.h(87,25): warning : conversion from ‘std::__cxx11::basic_string<char>::size_type’ {aka ‘long unsigned int’} to ‘int’ may change value [-Wconversion]
D:\Git\CloudShareCode\Server\CloudSharedCoding\Tool.h(87,25): warning :    87 |     int index = str.find(split, 0);
D:\Git\CloudShareCode\Server\CloudSharedCoding\Tool.h(87,25): warning :       |                 ~~~~~~~~^~~~~~~~~~
D:\Git\CloudShareCode\Server\CloudSharedCoding\Tool.h(88,15): warning : comparison of integer expressions of different signedness: ‘int’ and ‘const size_type’ {aka ‘const long unsigned int’} [-Wsign-compare]
D:\Git\CloudShareCode\Server\CloudSharedCoding\Tool.h(95,18): warning : comparison of integer expressions of different signedness: ‘int’ and ‘const size_type’ {aka ‘const long unsigned int’} [-Wsign-compare]
D:\Git\CloudShareCode\Server\CloudSharedCoding\Tool.h(100,25): warning : conversion from ‘std::__cxx11::basic_string<char>::size_type’ {aka ‘long unsigned int’} to ‘int’ may change value [-Wconversion]
D:\Git\CloudShareCode\Server\CloudSharedCoding\Tool.h(100,25): warning :   100 |         index = str.find(split, index + 1);
D:\Git\CloudShareCode\Server\CloudSharedCoding\Tool.h(100,25): warning :       |                 ~~~~~~~~^~~~~~~~~~~~~~~~~~
D:\Git\CloudShareCode\Server\CloudSharedCoding\Tool.h(111,10): warning : unused variable ‘filepath’ [-Wunused-variable]
D:\Git\CloudShareCode\Server\CloudSharedCoding\Tool.h(111,10): warning :   111 |     char filepath[256] = { 0 };
D:\Git\CloudShareCode\Server\CloudSharedCoding\Tool.h(111,10): warning :       |          ^~~~~~~~
D:\Git\CloudShareCode\Server\CloudSharedCoding\Tool.h(186,24): warning : conversion from ‘__off_t’ {aka ‘long int’} to ‘int’ may change value [-Wconversion]
D:\Git\CloudShareCode\Server\CloudSharedCoding\Tool.h(186,24): warning :   186 |     int length = stbuf.st_size;
D:\Git\CloudShareCode\Server\CloudSharedCoding\Tool.h(186,24): warning :       |                  ~~~~~~^~~~~~~
D:\Git\CloudShareCode\Server\CloudSharedCoding\Tool.h(207,27): warning : comparison of integer expressions of different signedness: ‘int’ and ‘std::__cxx11::basic_string<char>::size_type’ {aka ‘long unsigned int’} [-Wsign-compare]
D:\Git\CloudShareCode\Server\CloudSharedCoding\Tool.h(207,27): warning :   207 |     if (pos + charRemoved < buf.length())
D:\Git\CloudShareCode\Server\CloudSharedCoding\Tool.h(207,27): warning :       |         ~~~~~~~~~~~~~~~~~~^~~~~~~~~~~~~~
D:\Git\CloudShareCode\Server\CloudSharedCoding\ThreadPool.h(107,27): warning : comparison of integer expressions of different signedness: ‘int’ and ‘std::vector<std::thread>::size_type’ {aka ‘long unsigned int’} [-Wsign-compare]
D:\Git\CloudShareCode\Server\CloudSharedCoding\ThreadPool.h(107,27): warning :   107 |         for (int i = 0; i < m_threads.size(); i++)
D:\Git\CloudShareCode\Server\CloudSharedCoding\ThreadPool.h(107,27): warning :       |                         ~~^~~~~~~~~~~~~~~~~~
D:\Git\CloudShareCode\Server\CloudSharedCoding\ThreadPool.h(118,27): warning : comparison of integer expressions of different signedness: ‘int’ and ‘std::vector<std::thread>::size_type’ {aka ‘long unsigned int’} [-Wsign-compare]
D:\Git\CloudShareCode\Server\CloudSharedCoding\ThreadPool.h(118,27): warning :   118 |         for (int i = 0; i < m_threads.size(); i++)
D:\Git\CloudShareCode\Server\CloudSharedCoding\ThreadPool.h(118,27): warning :       |                         ~~^~~~~~~~~~~~~~~~~~
D:\Git\CloudShareCode\Server\CloudSharedCoding\Tool.h(177,13): warning : ‘bool textChange(std::string, int, int, std::string)’ defined but not used [-Wunused-function]
D:\Git\CloudShareCode\Server\CloudSharedCoding\Tool.h(85,13): warning : ‘void stringSplit(std::string, std::string, std::vector<std::__cxx11::basic_string<char> >&, int)’ defined but not used [-Wunused-function]
D:\Git\CloudShareCode\Server\CloudSharedCoding\Tool.h(71,12): warning : ‘int bytesToInt(char*, int, int)’ defined but not used [-Wunused-function]
D:\Git\CloudShareCode\Server\CloudSharedCoding\Tool.h(71,12): warning :    71 | static int bytesToInt(char* bytes, int offset, int size)
D:\Git\CloudShareCode\Server\CloudSharedCoding\Tool.h(71,12): warning :       |            ^~~~~~~~~~
D:\Git\CloudShareCode\Server\CloudSharedCoding\Tool.h(53,13): warning : ‘void intToBytes(int, char*, int, int)’ defined but not used [-Wunused-function]
D:\Git\CloudShareCode\Server\CloudSharedCoding\Tool.h(53,13): warning :    53 | static void intToBytes(int num, char* arr, int offset, int size)
D:\Git\CloudShareCode\Server\CloudSharedCoding\Tool.h(53,13): warning :       |             ^~~~~~~~~~
D:\Git\CloudShareCode\Server\CloudSharedCoding\Tool.h(45,13): warning : ‘void FATAL_CHECK(int, std::string, Log::Logger)’ defined but not used [-Wunused-function]
D:\Git\CloudShareCode\Server\CloudSharedCoding\Tool.h(37,13): warning : ‘void WARN_CHECK(int, std::string, Log::Logger)’ defined but not used [-Wunused-function]
D:\Git\CloudShareCode\Server\CloudSharedCoding\Tool.h(29,13): warning : ‘void INFO_CHECK(int, std::string, Log::Logger)’ defined but not used [-Wunused-function]
D:\Git\CloudShareCode\Server\CloudSharedCoding\Tool.h(21,13): warning : ‘void DEBUG_CHECK(int, std::string, Log::Logger)’ defined but not used [-Wunused-function]
D:\Git\CloudShareCode\Server\CloudSharedCoding\Tool.h(13,13): warning : ‘void ERROR_CHECK(int, std::string, Log::Logger)’ defined but not used [-Wunused-function]
  正在链接对象
  CloudSharedCoding.vcxproj -> D:\Git\CloudShareCode\Server\CloudSharedCoding\bin\x64\Debug\CloudSharedCoding.out
